[{"line":2,"elements":[{"start_timestamp":"2023-07-18T11:41:41.827Z","before":[{"result":{"duration":15000000,"status":"passed"},"match":{"location":"stepDefinition.ApplicationHooks.getProperty()"}},{"result":{"duration":14252000000,"status":"passed"},"match":{"location":"stepDefinition.ApplicationHooks.launchBrowser()"}}],"line":4,"name":"Verify google search","description":"","id":"google-search;verify-google-search","after":[{"result":{"duration":3000000,"status":"passed"},"match":{"location":"stepDefinition.ApplicationHooks.tearDown(io.cucumber.java.Scenario)"}},{"result":{"duration":4680000000,"status":"passed"},"match":{"location":"stepDefinition.ApplicationHooks.quitBrowser()"}}],"type":"scenario","keyword":"Scenario","steps":[{"result":{"duration":8782000000,"status":"passed"},"line":5,"name":"user is on the home page","match":{"location":"stepDefinition.SignInSteps.user_is_on_the_login_screen()"},"keyword":"Given "},{"result":{"duration":4395000000,"status":"passed"},"line":6,"name":"user enters the keword to search","match":{"location":"stepDefinition.SearchSteps.user_enters_the_keword_to_search()"},"keyword":"When "},{"result":{"duration":859000000,"status":"passed"},"line":7,"name":"the result is dispalyed","match":{"location":"stepDefinition.SearchSteps.the_result_is_dispalyed()"},"keyword":"Then "}],"tags":[{"name":"@search"},{"name":"@all"}]}],"name":"Google search","description":"","id":"google-search","keyword":"Feature","uri":"file:src/test/resources/features/Search.feature","tags":[{"name":"@search","type":"Tag","location":{"line":1,"column":1}},{"name":"@all","type":"Tag","location":{"line":1,"column":9}}]},{"line":2,"elements":[{"start_timestamp":"2023-07-18T11:41:41.828Z","before":[{"result":{"duration":15000000,"status":"passed"},"match":{"location":"stepDefinition.ApplicationHooks.getProperty()"}},{"result":{"duration":14317000000,"status":"passed"},"match":{"location":"stepDefinition.ApplicationHooks.launchBrowser()"}}],"line":4,"name":"Verify google search","description":"","id":"google-search;verify-google-search","after":[{"result":{"status":"passed"},"match":{"location":"stepDefinition.ApplicationHooks.tearDown(io.cucumber.java.Scenario)"}},{"result":{"duration":4679000000,"status":"passed"},"match":{"location":"stepDefinition.ApplicationHooks.quitBrowser()"}}],"type":"scenario","keyword":"Scenario","steps":[{"result":{"duration":7042000000,"status":"passed"},"line":5,"name":"user is on the home page","match":{"location":"stepDefinition.SignInSteps.user_is_on_the_login_screen()"},"keyword":"Given "},{"result":{"duration":6069000000,"status":"passed"},"line":6,"name":"user enters the keword to search","match":{"location":"stepDefinition.SearchSteps.user_enters_the_keword_to_search()"},"keyword":"When "},{"result":{"duration":862000000,"status":"passed"},"line":7,"name":"the result is dispalyed","match":{"location":"stepDefinition.SearchSteps.the_result_is_dispalyed()"},"keyword":"Then "}],"tags":[{"name":"@search"},{"name":"@all"}]}],"name":"Google search","description":"","id":"google-search","keyword":"Feature","uri":"file:src/test/resources/features/Search1Parallel.feature","tags":[{"name":"@search","type":"Tag","location":{"line":1,"column":1}},{"name":"@all","type":"Tag","location":{"line":1,"column":9}}]},{"line":2,"elements":[{"start_timestamp":"2023-07-18T11:41:41.828Z","before":[{"result":{"duration":15000000,"status":"passed"},"match":{"location":"stepDefinition.ApplicationHooks.getProperty()"}},{"result":{"duration":14253000000,"status":"passed"},"match":{"location":"stepDefinition.ApplicationHooks.launchBrowser()"}}],"line":4,"name":"Verify google search","description":"","id":"google-sign-in;verify-google-search","after":[{"result":{"status":"passed"},"match":{"location":"stepDefinition.ApplicationHooks.tearDown(io.cucumber.java.Scenario)"}},{"result":{"error_message":"org.openqa.selenium.WebDriverException: Timed out waiting for driver server to stop.\nBuild info: version: '4.9.0', revision: 'd7057100a6'\nSystem info: os.name: 'Windows 10', os.arch: 'amd64', os.version: '10.0', java.version: '1.8.0_281'\nDriver info: org.openqa.selenium.chrome.ChromeDriver\nCommand: [cc3e953c106a22e8e1887591b417e319, quit {}]\nCapabilities {acceptInsecureCerts: false, browserName: chrome, browserVersion: 114.0.5735.199, chrome: {chromedriverVersion: 113.0.5672.63 (0e1a4471d5ae..., userDataDir: C:\\Users\\43488\\AppData\\Loca...}, goog:chromeOptions: {debuggerAddress: localhost:56095}, networkConnectionEnabled: false, pageLoadStrategy: normal, platformName: WINDOWS, proxy: Proxy(), se:cdp: ws://localhost:56095/devtoo..., se:cdpVersion: 114.0.5735.199, setWindowRect: true, strictFileInteractability: false, timeouts: {implicit: 0, pageLoad: 300000, script: 30000}, unhandledPromptBehavior: dismiss and notify, webauthn:extension:credBlob: true, webauthn:extension:largeBlob: true, webauthn:extension:minPinLength: true, webauthn:extension:prf: true, webauthn:virtualAuthenticators: true}\nSession ID: cc3e953c106a22e8e1887591b417e319\r\n\tat org.openqa.selenium.remote.service.DriverCommandExecutor.execute(DriverCommandExecutor.java:148)\r\n\tat org.openqa.selenium.remote.RemoteWebDriver.execute(RemoteWebDriver.java:543)\r\n\tat org.openqa.selenium.remote.RemoteWebDriver.execute(RemoteWebDriver.java:598)\r\n\tat org.openqa.selenium.remote.RemoteWebDriver.execute(RemoteWebDriver.java:602)\r\n\tat org.openqa.selenium.remote.RemoteWebDriver.quit(RemoteWebDriver.java:445)\r\n\tat org.openqa.selenium.chromium.ChromiumDriver.quit(ChromiumDriver.java:279)\r\n\tat stepDefinition.ApplicationHooks.quitBrowser(ApplicationHooks.java:50)\r\nCaused by: java.util.concurrent.ExecutionException: org.openqa.selenium.TimeoutException: Process timed out after waiting for 20000 ms.\nBuild info: version: '4.9.0', revision: 'd7057100a6'\nSystem info: os.name: 'Windows 10', os.arch: 'amd64', os.version: '10.0', java.version: '1.8.0_281'\nDriver info: driver.version: unknown\r\n\tat java.util.concurrent.CompletableFuture.reportGet(Unknown Source)\r\n\tat java.util.concurrent.CompletableFuture.get(Unknown Source)\r\n\tat org.openqa.selenium.remote.service.DriverCommandExecutor.execute(DriverCommandExecutor.java:144)\r\n\tat org.openqa.selenium.remote.RemoteWebDriver.execute(RemoteWebDriver.java:543)\r\n\tat org.openqa.selenium.remote.RemoteWebDriver.execute(RemoteWebDriver.java:598)\r\n\tat org.openqa.selenium.remote.RemoteWebDriver.execute(RemoteWebDriver.java:602)\r\n\tat org.openqa.selenium.remote.RemoteWebDriver.quit(RemoteWebDriver.java:445)\r\n\tat org.openqa.selenium.chromium.ChromiumDriver.quit(ChromiumDriver.java:279)\r\n\tat stepDefinition.ApplicationHooks.quitBrowser(ApplicationHooks.java:50)\r\n\tat sun.reflect.NativeMethodAccessorImpl.invoke0(Native Method)\r\n\tat sun.reflect.NativeMethodAccessorImpl.invoke(Unknown Source)\r\n\tat sun.reflect.DelegatingMethodAccessorImpl.invoke(Unknown Source)\r\n\tat java.lang.reflect.Method.invoke(Unknown Source)\r\n\tat io.cucumber.java.Invoker.doInvoke(Invoker.java:66)\r\n\tat io.cucumber.java.Invoker.invoke(Invoker.java:24)\r\n\tat io.cucumber.java.AbstractGlueDefinition.invokeMethod(AbstractGlueDefinition.java:47)\r\n\tat io.cucumber.java.JavaHookDefinition.execute(JavaHookDefinition.java:64)\r\n\tat io.cucumber.core.runner.CoreHookDefinition.execute(CoreHookDefinition.java:46)\r\n\tat io.cucumber.core.runner.HookDefinitionMatch.runStep(HookDefinitionMatch.java:21)\r\n\tat io.cucumber.core.runner.ExecutionMode$1.execute(ExecutionMode.java:10)\r\n\tat io.cucumber.core.runner.TestStep.executeStep(TestStep.java:86)\r\n\tat io.cucumber.core.runner.TestStep.run(TestStep.java:57)\r\n\tat io.cucumber.core.runner.TestCase.run(TestCase.java:101)\r\n\tat io.cucumber.core.runner.Runner.runPickle(Runner.java:75)\r\n\tat io.cucumber.testng.TestNGCucumberRunner.lambda$runScenario$1(TestNGCucumberRunner.java:132)\r\n\tat io.cucumber.core.runtime.CucumberExecutionContext.lambda$runTestCase$3(CucumberExecutionContext.java:151)\r\n\tat io.cucumber.core.runtime.RethrowingThrowableCollector.executeAndThrow(RethrowingThrowableCollector.java:23)\r\n\tat io.cucumber.core.runtime.CucumberExecutionContext.runTestCase(CucumberExecutionContext.java:151)\r\n\tat io.cucumber.testng.TestNGCucumberRunner.runScenario(TestNGCucumberRunner.java:129)\r\n\tat io.cucumber.testng.AbstractTestNGCucumberTests.runScenario(AbstractTestNGCucumberTests.java:35)\r\n\tat sun.reflect.NativeMethodAccessorImpl.invoke0(Native Method)\r\n\tat sun.reflect.NativeMethodAccessorImpl.invoke(Unknown Source)\r\n\tat sun.reflect.DelegatingMethodAccessorImpl.invoke(Unknown Source)\r\n\tat java.lang.reflect.Method.invoke(Unknown Source)\r\n\tat org.testng.internal.MethodInvocationHelper.invokeMethod(MethodInvocationHelper.java:133)\r\n\tat org.testng.internal.TestInvoker.invokeMethod(TestInvoker.java:598)\r\n\tat org.testng.internal.TestInvoker.invokeTestMethod(TestInvoker.java:173)\r\n\tat org.testng.internal.TestMethodWithDataProviderMethodWorker.call(TestMethodWithDataProviderMethodWorker.java:77)\r\n\tat org.testng.internal.TestMethodWithDataProviderMethodWorker.call(TestMethodWithDataProviderMethodWorker.java:15)\r\n\tat java.util.concurrent.FutureTask.run(Unknown Source)\r\n\tat java.util.concurrent.Executors$RunnableAdapter.call(Unknown Source)\r\n\tat java.util.concurrent.FutureTask.run(Unknown Source)\r\n\tat java.util.concurrent.ThreadPoolExecutor.runWorker(Unknown Source)\r\n\tat java.util.concurrent.ThreadPoolExecutor$Worker.run(Unknown Source)\r\n\tat java.lang.Thread.run(Unknown Source)\r\nCaused by: org.openqa.selenium.TimeoutException: Process timed out after waiting for 20000 ms.\nBuild info: version: '4.9.0', revision: 'd7057100a6'\nSystem info: os.name: 'Windows 10', os.arch: 'amd64', os.version: '10.0', java.version: '1.8.0_281'\nDriver info: driver.version: unknown\r\n\tat org.openqa.selenium.os.OsProcess.waitFor(OsProcess.java:181)\r\n\tat org.openqa.selenium.os.CommandLine.waitFor(CommandLine.java:119)\r\n\tat org.openqa.selenium.remote.service.DriverCommandExecutor.lambda$execute$2(DriverCommandExecutor.java:138)\r\n\tat java.util.concurrent.CompletableFuture$AsyncSupply.run(Unknown Source)\r\n\t... 3 more\r\n","duration":25132000000,"status":"failed"},"match":{"location":"stepDefinition.ApplicationHooks.quitBrowser()"}}],"type":"scenario","keyword":"Scenario","steps":[{"result":{"duration":6174000000,"status":"passed"},"line":5,"name":"user is on the home page","match":{"location":"stepDefinition.SignInSteps.user_is_on_the_login_screen()"},"keyword":"Given "},{"result":{"duration":19432000000,"status":"passed"},"line":6,"name":"user enters click sign in button","match":{"location":"stepDefinition.SignInSteps.user_enters_click_sign_in_button()"},"keyword":"When "},{"result":{"duration":2166000000,"status":"passed"},"line":7,"name":"user enters the username and clicks next","match":{"location":"stepDefinition.SignInSteps.user_enters_the_username_and_clicks_next()"},"keyword":"And "},{"result":{"duration":30450000000,"status":"passed"},"line":8,"name":"the result is dispalyed","match":{"location":"stepDefinition.SearchSteps.the_result_is_dispalyed()"},"keyword":"Then "}],"tags":[{"name":"@signIn"},{"name":"@all"}]}],"name":"Google Sign In","description":"","id":"google-sign-in","keyword":"Feature","uri":"file:src/test/resources/features/SignIn.feature","tags":[{"name":"@signIn","type":"Tag","location":{"line":1,"column":1}},{"name":"@all","type":"Tag","location":{"line":1,"column":9}}]}]